<?xml version="1.0" encoding="UTF-8"?>
<!-- Generated by org.testng.reporters.JUnitReportReporter -->
<testsuite hostname="GSrilekha" failures="0" tests="1" name="TestCases.AccountLoginTest" time="1.787" errors="0" timestamp="2025-02-20T20:48:56 IST" skipped="0">
  <testcase classname="TestCases.AccountLoginTest" name="logintest" time="1.787"/>
</testsuite> <!-- TestCases.AccountLoginTest -->
