<?xml version="1.0" encoding="UTF-8"?>
<!-- Generated by org.testng.reporters.JUnitReportReporter -->
<testsuite hostname="GSrilekha" failures="0" tests="1" name="TestCases.AccountRegistrationTest" time="2.976" errors="0" timestamp="2025-02-20T17:29:14 IST" skipped="0">
  <testcase classname="TestCases.AccountRegistrationTest" name="testingAccReg" time="2.976"/>
</testsuite> <!-- TestCases.AccountRegistrationTest -->
